<?xml version="1.0" encoding="UTF-8"?>
<!-- Generated by org.testng.reporters.JUnitReportReporter -->
<testsuite hostname="naresh.local" failures="0" tests="2" name="SearchFunctionalityTest" time="50.398" errors="0" timestamp="2023-06-04T09:50:02 IST" skipped="0">
  <testcase classname="SearchFunctionalityTest" name="searchProduct" time="18.505"/>
  <system-out/>
  <testcase classname="SearchFunctionalityTest" name="applyFilterThemes" time="31.893"/>
  <system-out/>
</testsuite> <!-- SearchFunctionalityTest -->
