<?xml version="1.0" encoding="UTF-8"?>
<!-- Generated by org.testng.reporters.JUnitReportReporter -->
<testsuite hostname="naresh.local" failures="0" tests="4" name="project1.Carouselverify" time="123.271" errors="0" timestamp="2023-06-08T15:48:49 IST" skipped="0">
  <testcase classname="project1.Carouselverify" name="CarouselBackButtonTest" time="28.710"/>
  <system-out/>
  <testcase classname="project1.Carouselverify" name="CarouseNextButtonCheck" time="27.947"/>
  <system-out/>
  <testcase classname="project1.Carouselverify" name="getProductdetails" time="29.287"/>
  <system-out/>
  <testcase classname="project1.Carouselverify" name="MenSectionValidateCategory" time="37.327"/>
  <system-out/>
</testsuite> <!-- project1.Carouselverify -->
