<?xml version="1.0" encoding="UTF-8"?>
<!-- Generated by org.testng.reporters.JUnitReportReporter -->
<testsuite hostname="naresh.local" failures="0" tests="2" name="project1.SearchFunctionalityTest" time="59.865" errors="0" timestamp="2023-06-08T10:41:01 IST" skipped="0">
  <testcase classname="project1.SearchFunctionalityTest" name="searchProduct" time="28.305"/>
  <system-out/>
  <testcase classname="project1.SearchFunctionalityTest" name="applyFilterThemes" time="31.560"/>
  <system-out/>
</testsuite> <!-- project1.SearchFunctionalityTest -->
